* Starting client
* Connecting to master process on port 19599
* Analyzing classpath: 
  - C:\Users\Parmveer Randhawa\Documents\Courses\EECS4313-Software Test\Assignment\Assignment_2\commons-cli\target\test-classes
  - C:\Users\Parmveer Randhawa\Documents\Courses\EECS4313-Software Test\Assignment\Assignment_2\commons-cli\target\classes
  - C:\Users\Parmveer Randhawa\.m2\repository\org\junit\jupiter\junit-jupiter-api\5.14.2\junit-jupiter-api-5.14.2.jar
  - C:\Users\Parmveer Randhawa\.m2\repository\org\opentest4j\opentest4j\1.3.0\opentest4j-1.3.0.jar
  - C:\Users\Parmveer Randhawa\.m2\repository\org\junit\platform\junit-platform-commons\1.14.2\junit-platform-commons-1.14.2.jar
  - C:\Users\Parmveer Randhawa\.m2\repository\org\apiguardian\apiguardian-api\1.1.2\apiguardian-api-1.1.2.jar
  - C:\Users\Parmveer Randhawa\.m2\repository\org\junit\jupiter\junit-jupiter-engine\5.14.2\junit-jupiter-engine-5.14.2.jar
  - C:\Users\Parmveer Randhawa\.m2\repository\org\junit\platform\junit-platform-engine\1.14.2\junit-platform-engine-1.14.2.jar
  - C:\Users\Parmveer Randhawa\.m2\repository\org\junit\jupiter\junit-jupiter-params\5.14.2\junit-jupiter-params-5.14.2.jar
  - C:\Users\Parmveer Randhawa\.m2\repository\org\junit-pioneer\junit-pioneer\1.9.1\junit-pioneer-1.9.1.jar
  - C:\Users\Parmveer Randhawa\.m2\repository\org\junit\platform\junit-platform-launcher\1.14.2\junit-platform-launcher-1.14.2.jar
  - C:\Users\Parmveer Randhawa\.m2\repository\commons-io\commons-io\2.21.0\commons-io-2.21.0.jar
  - C:\Users\Parmveer Randhawa\.m2\repository\org\apache\commons\commons-text\1.15.0\commons-text-1.15.0.jar
  - C:\Users\Parmveer Randhawa\.m2\repository\org\apache\commons\commons-lang3\3.20.0\commons-lang3-3.20.0.jar
  - C:\Users\Parmveer Randhawa\.m2\repository\org\mockito\mockito-core\4.11.0\mockito-core-4.11.0.jar
  - C:\Users\Parmveer Randhawa\.m2\repository\net\bytebuddy\byte-buddy\1.12.19\byte-buddy-1.12.19.jar
  - C:\Users\Parmveer Randhawa\.m2\repository\net\bytebuddy\byte-buddy-agent\1.12.19\byte-buddy-agent-1.12.19.jar
  - C:\Users\Parmveer Randhawa\.m2\repository\org\objenesis\objenesis\3.3\objenesis-3.3.jar
  - C:\Users\Parmveer Randhawa\.m2\repository\junit\junit\4.13.2\junit-4.13.2.jar
  - C:\Users\Parmveer Randhawa\.m2\repository\org\hamcrest\hamcrest-core\1.3\hamcrest-core-1.3.jar
* Finished analyzing classpath
* Generating tests for class org.apache.commons.cli.CommandLine
* Test criteria:
  - Line Coverage
  - Branch Coverage
  - Exception
  - Mutation testing (weak)
  - Method-Output Coverage
  - Top-Level Method Coverage
  - No-Exception Top-Level Method Coverage
  - Context Branch Coverage
* Setting up search algorithm for whole suite generation
[MASTER] 20:25:06.604 [pool-2-thread-1] WARN  TestSuiteSerialization - Cannot load tests because file does not exist: C:\Users\Parmveer Randhawa\Documents\Courses\EECS4313-Software Test\Assignment\Assignment_2\commons-cli\.evosuite\evosuite-seeds\org.apache.commons.cli.CommandLine.seed
* Loaded 0 tests from C:\Users\Parmveer Randhawa\Documents\Courses\EECS4313-Software Test\Assignment\Assignment_2\commons-cli\.evosuite\evosuite-seeds\org.apache.commons.cli.CommandLine.seed
* Total number of test goals: 
  - Line 140
  - Branch 113
  - Exception 0
  - MutationFactory 130
  - Output 157
  - Method 63
  - MethodNoException 63
  - CBranchFitnessFactory 113
* Using seed 1773966304080
* Starting evolution
[MASTER] 20:25:14.065 [pool-2-thread-1] WARN  TestChromosome - Functional mock problem: org.evosuite.ga.ConstructionFailedException: No generators of type java.lang.Class<java.lang.String>
[MASTER] 20:25:41.395 [pool-2-thread-1] WARN  TestChromosome - Functional mock problem: org.evosuite.ga.ConstructionFailedException: Invalid generic instance
* Search finished after 87s and 350 generations, 308301 statements, best individual has fitness: 80.01388888888889
* Writing sequences to pool
* Minimizing test suite
* Going to analyze the coverage criteria
* Coverage analysis for criterion LINE
* Coverage of criterion LINE: 94%
* Total number of goals: 140
* Number of covered goals: 131
* Coverage analysis for criterion BRANCH
* Coverage of criterion BRANCH: 95%
* Total number of goals: 113
* Number of covered goals: 107
* Coverage analysis for criterion EXCEPTION
* Coverage of criterion EXCEPTION: 100%
* Total number of goals: 7
* Number of covered goals: 7
* Coverage analysis for criterion WEAKMUTATION
* Coverage of criterion WEAKMUTATION: 88%
* Total number of goals: 130
* Number of covered goals: 114
* Coverage analysis for criterion OUTPUT
* Coverage of criterion OUTPUT: 74%
* Total number of goals: 157
* Number of covered goals: 116
* Coverage analysis for criterion METHOD
* Coverage of criterion METHOD: 100%
* Total number of goals: 63
* Number of covered goals: 63
* Coverage analysis for criterion METHODNOEXCEPTION
* Coverage of criterion METHODNOEXCEPTION: 100%
* Total number of goals: 63
* Number of covered goals: 63
* Coverage analysis for criterion CBRANCH
* Coverage of criterion CBRANCH: 94%
* Total number of goals: 113
* Number of covered goals: 106
* Generated 130 tests with total length 478
* Resulting test suite's coverage: 93% (average coverage for all fitness functions)
* Generating assertions
* Resulting test suite's mutation score: 40%
* Compiling and checking tests
* Writing JUnit test case 'CommandLine_ESTest' to C:\Users\Parmveer Randhawa\Documents\Courses\EECS4313-Software Test\Assignment\Assignment_2\commons-cli\.evosuite\tmp_2026_03_19_20_10_46\tests
* Done!

