[MASTER] 12:13:42.127 [pool-2-thread-1] ERROR ClientNodeImpl - Error when generating tests for: org.apache.commons.cli.MissingArgumentException with seed 1774023210372. Configuration id : default
java.lang.reflect.MalformedParametersException: Invalid parameter name ""
	at java.lang.reflect.Executable.verifyParameters(Executable.java:386) ~[na:1.8.0_202]
	at java.lang.reflect.Executable.privateGetParameters(Executable.java:416) ~[na:1.8.0_202]
	at java.lang.reflect.Executable.getParameters(Executable.java:357) ~[na:1.8.0_202]
	at org.evosuite.testcase.TestFactory.addMethod(TestFactory.java:553) ~[evosuite-master-1.0.6.jar:1.0.6]
	at org.evosuite.testcase.TestFactory.attemptObjectGeneration(TestFactory.java:896) ~[evosuite-master-1.0.6.jar:1.0.6]
	at org.evosuite.testcase.TestFactory.createOrReuseObjectVariable(TestFactory.java:1587) ~[evosuite-master-1.0.6.jar:1.0.6]
	at org.evosuite.testcase.TestFactory.createOrReuseVariable(TestFactory.java:1350) ~[evosuite-master-1.0.6.jar:1.0.6]
	at org.evosuite.testcase.TestFactory.satisfyParameters(TestFactory.java:2365) ~[evosuite-master-1.0.6.jar:1.0.6]
	at org.evosuite.testcase.TestFactory.addMethodFor(TestFactory.java:601) ~[evosuite-master-1.0.6.jar:1.0.6]
	at org.evosuite.testcase.TestFactory.addCallFor(TestFactory.java:130) ~[evosuite-master-1.0.6.jar:1.0.6]
	at org.evosuite.testcase.TestFactory.insertRandomCallOnObjectAt(TestFactory.java:2296) ~[evosuite-master-1.0.6.jar:1.0.6]
	at org.evosuite.testcase.mutation.RandomInsertion.insertStatement(RandomInsertion.java:127) ~[evosuite-master-1.0.6.jar:1.0.6]
	at org.evosuite.testcase.TestFactory.insertRandomStatement(TestFactory.java:2308) ~[evosuite-master-1.0.6.jar:1.0.6]
	at org.evosuite.testcase.factories.RandomLengthTestFactory.getRandomTestCase(RandomLengthTestFactory.java:69) ~[evosuite-master-1.0.6.jar:1.0.6]
	at org.evosuite.testcase.factories.RandomLengthTestFactory.getChromosome(RandomLengthTestFactory.java:89) ~[evosuite-master-1.0.6.jar:1.0.6]
	at org.evosuite.testcase.factories.RandomLengthTestFactory.getChromosome(RandomLengthTestFactory.java:40) ~[evosuite-master-1.0.6.jar:1.0.6]
	at org.evosuite.ga.archive.ArchiveTestChromosomeFactory.getChromosome(ArchiveTestChromosomeFactory.java:88) ~[evosuite-master-1.0.6.jar:1.0.6]
	at org.evosuite.ga.archive.ArchiveTestChromosomeFactory.getChromosome(ArchiveTestChromosomeFactory.java:35) ~[evosuite-master-1.0.6.jar:1.0.6]
	at org.evosuite.testsuite.AbstractTestSuiteChromosome.mutate(AbstractTestSuiteChromosome.java:248) ~[evosuite-master-1.0.6.jar:1.0.6]
	at org.evosuite.testsuite.TestSuiteChromosome.mutate(TestSuiteChromosome.java:264) ~[evosuite-master-1.0.6.jar:1.0.6]
	at org.evosuite.ga.metaheuristics.MonotonicGA.evolve(MonotonicGA.java:127) ~[evosuite-master-1.0.6.jar:1.0.6]
	at org.evosuite.ga.metaheuristics.MonotonicGA.generateSolution(MonotonicGA.java:245) ~[evosuite-master-1.0.6.jar:1.0.6]
	at org.evosuite.strategy.WholeTestSuiteStrategy.generateTests(WholeTestSuiteStrategy.java:113) ~[evosuite-master-1.0.6.jar:1.0.6]
	at org.evosuite.TestSuiteGenerator.generateTests(TestSuiteGenerator.java:653) ~[evosuite-master-1.0.6.jar:1.0.6]
	at org.evosuite.TestSuiteGenerator.generateTestSuite(TestSuiteGenerator.java:236) ~[evosuite-master-1.0.6.jar:1.0.6]
	at org.evosuite.rmi.service.ClientNodeImpl$1.run(ClientNodeImpl.java:145) ~[evosuite-master-1.0.6.jar:1.0.6]
	at java.util.concurrent.Executors$RunnableAdapter.call(Executors.java:511) [na:1.8.0_202]
	at java.util.concurrent.FutureTask.run(FutureTask.java:266) [na:1.8.0_202]
	at java.util.concurrent.ThreadPoolExecutor.runWorker(ThreadPoolExecutor.java:1149) [na:1.8.0_202]
	at java.util.concurrent.ThreadPoolExecutor$Worker.run(ThreadPoolExecutor.java:624) [na:1.8.0_202]
	at java.lang.Thread.run(Thread.java:748) [na:1.8.0_202]
