[MASTER] 12:09:01.518 [pool-2-thread-1] ERROR TestCluster - Failed to check cache for java.util.function.BiFunction<T, U, R> : Type points to itself
[MASTER] 12:09:03.456 [pool-2-thread-1] ERROR TestCluster - Failed to check cache for java.util.function.Function<T, R> : Type points to itself
[MASTER] 12:09:15.798 [pool-2-thread-1] ERROR ClientNodeImpl - Error when generating tests for: org.apache.commons.cli.ParseException with seed 1774022906550. Configuration id : default
java.lang.OutOfMemoryError: GC overhead limit exceeded
	at java.lang.Class.getDeclaredMethods0(Native Method) ~[na:1.8.0_202]
	at java.lang.Class.privateGetDeclaredMethods(Class.java:2701) ~[na:1.8.0_202]
	at java.lang.Class.privateGetPublicMethods(Class.java:2902) ~[na:1.8.0_202]
	at java.lang.Class.privateGetPublicMethods(Class.java:2917) ~[na:1.8.0_202]
	at java.lang.Class.privateGetPublicMethods(Class.java:2917) ~[na:1.8.0_202]
	at java.lang.Class.privateGetPublicMethods(Class.java:2917) ~[na:1.8.0_202]
	at java.lang.Class.getMethods(Class.java:1615) ~[na:1.8.0_202]
	at org.evosuite.utils.generic.GenericMethod.isOverloaded(GenericMethod.java:285) ~[evosuite-master-1.0.6.jar:1.0.6]
	at org.evosuite.testcase.TestCodeVisitor.visitMethodStatement(TestCodeVisitor.java:1441) ~[evosuite-master-1.0.6.jar:1.0.6]
	at org.evosuite.testcase.TestVisitor.visitStatement(TestVisitor.java:147) ~[evosuite-master-1.0.6.jar:1.0.6]
	at org.evosuite.testcase.TestCodeVisitor.visitStatement(TestCodeVisitor.java:1867) ~[evosuite-master-1.0.6.jar:1.0.6]
	at org.evosuite.testcase.statements.AbstractStatement.getCode(AbstractStatement.java:279) ~[evosuite-master-1.0.6.jar:1.0.6]
	at org.evosuite.testcase.statements.AbstractStatement.getCode(AbstractStatement.java:271) ~[evosuite-master-1.0.6.jar:1.0.6]
	at org.evosuite.testcase.DefaultTestCase.accept(DefaultTestCase.java:115) ~[evosuite-master-1.0.6.jar:1.0.6]
	at org.evosuite.testcase.DefaultTestCase.toCode(DefaultTestCase.java:1180) ~[evosuite-master-1.0.6.jar:1.0.6]
	at org.evosuite.testcase.execution.TestCaseExecutor.execute(TestCaseExecutor.java:416) ~[evosuite-master-1.0.6.jar:1.0.6]
	at org.evosuite.testcase.execution.TestCaseExecutor.execute(TestCaseExecutor.java:277) ~[evosuite-master-1.0.6.jar:1.0.6]
	at org.evosuite.testcase.execution.TestCaseExecutor.execute(TestCaseExecutor.java:264) ~[evosuite-master-1.0.6.jar:1.0.6]
	at org.evosuite.testsuite.TestSuiteFitnessFunction.runTest(TestSuiteFitnessFunction.java:63) ~[evosuite-master-1.0.6.jar:1.0.6]
	at org.evosuite.testcase.TestChromosome.executeForFitnessFunction(TestChromosome.java:692) ~[evosuite-master-1.0.6.jar:1.0.6]
	at org.evosuite.testsuite.TestSuiteFitnessFunction.runTestSuite(TestSuiteFitnessFunction.java:97) ~[evosuite-master-1.0.6.jar:1.0.6]
	at org.evosuite.coverage.line.LineCoverageSuiteFitness.getFitness(LineCoverageSuiteFitness.java:157) ~[evosuite-master-1.0.6.jar:1.0.6]
	at org.evosuite.coverage.line.LineCoverageSuiteFitness.getFitness(LineCoverageSuiteFitness.java:45) ~[evosuite-master-1.0.6.jar:1.0.6]
	at org.evosuite.ga.metaheuristics.MonotonicGA.evolve(MonotonicGA.java:141) ~[evosuite-master-1.0.6.jar:1.0.6]
	at org.evosuite.ga.metaheuristics.MonotonicGA.generateSolution(MonotonicGA.java:245) ~[evosuite-master-1.0.6.jar:1.0.6]
	at org.evosuite.strategy.WholeTestSuiteStrategy.generateTests(WholeTestSuiteStrategy.java:113) ~[evosuite-master-1.0.6.jar:1.0.6]
	at org.evosuite.TestSuiteGenerator.generateTests(TestSuiteGenerator.java:653) ~[evosuite-master-1.0.6.jar:1.0.6]
	at org.evosuite.TestSuiteGenerator.generateTestSuite(TestSuiteGenerator.java:236) ~[evosuite-master-1.0.6.jar:1.0.6]
	at org.evosuite.rmi.service.ClientNodeImpl$1.run(ClientNodeImpl.java:145) ~[evosuite-master-1.0.6.jar:1.0.6]
	at java.util.concurrent.Executors$RunnableAdapter.call(Executors.java:511) ~[na:1.8.0_202]
	at java.util.concurrent.FutureTask.run(FutureTask.java:266) ~[na:1.8.0_202]
	at java.util.concurrent.ThreadPoolExecutor.runWorker(ThreadPoolExecutor.java:1149) ~[na:1.8.0_202]
