* Starting client
* Connecting to master process on port 9941
* Analyzing classpath: 
  - C:\Users\Parmveer Randhawa\Documents\Courses\EECS4313-Software Test\Assignment\Assignment_2\commons-cli\target\test-classes
  - C:\Users\Parmveer Randhawa\Documents\Courses\EECS4313-Software Test\Assignment\Assignment_2\commons-cli\target\classes
  - C:\Users\Parmveer Randhawa\.m2\repository\org\junit\jupiter\junit-jupiter-api\5.14.2\junit-jupiter-api-5.14.2.jar
  - C:\Users\Parmveer Randhawa\.m2\repository\org\opentest4j\opentest4j\1.3.0\opentest4j-1.3.0.jar
  - C:\Users\Parmveer Randhawa\.m2\repository\org\junit\platform\junit-platform-commons\1.14.2\junit-platform-commons-1.14.2.jar
  - C:\Users\Parmveer Randhawa\.m2\repository\org\apiguardian\apiguardian-api\1.1.2\apiguardian-api-1.1.2.jar
  - C:\Users\Parmveer Randhawa\.m2\repository\org\junit\jupiter\junit-jupiter-engine\5.14.2\junit-jupiter-engine-5.14.2.jar
  - C:\Users\Parmveer Randhawa\.m2\repository\org\junit\platform\junit-platform-engine\1.14.2\junit-platform-engine-1.14.2.jar
  - C:\Users\Parmveer Randhawa\.m2\repository\org\junit\jupiter\junit-jupiter-params\5.14.2\junit-jupiter-params-5.14.2.jar
  - C:\Users\Parmveer Randhawa\.m2\repository\org\junit-pioneer\junit-pioneer\1.9.1\junit-pioneer-1.9.1.jar
  - C:\Users\Parmveer Randhawa\.m2\repository\org\junit\platform\junit-platform-launcher\1.14.2\junit-platform-launcher-1.14.2.jar
  - C:\Users\Parmveer Randhawa\.m2\repository\commons-io\commons-io\2.21.0\commons-io-2.21.0.jar
  - C:\Users\Parmveer Randhawa\.m2\repository\org\apache\commons\commons-text\1.15.0\commons-text-1.15.0.jar
  - C:\Users\Parmveer Randhawa\.m2\repository\org\apache\commons\commons-lang3\3.20.0\commons-lang3-3.20.0.jar
  - C:\Users\Parmveer Randhawa\.m2\repository\org\mockito\mockito-core\4.11.0\mockito-core-4.11.0.jar
  - C:\Users\Parmveer Randhawa\.m2\repository\net\bytebuddy\byte-buddy\1.12.19\byte-buddy-1.12.19.jar
  - C:\Users\Parmveer Randhawa\.m2\repository\net\bytebuddy\byte-buddy-agent\1.12.19\byte-buddy-agent-1.12.19.jar
  - C:\Users\Parmveer Randhawa\.m2\repository\org\objenesis\objenesis\3.3\objenesis-3.3.jar
  - C:\Users\Parmveer Randhawa\.m2\repository\junit\junit\4.13.2\junit-4.13.2.jar
  - C:\Users\Parmveer Randhawa\.m2\repository\org\hamcrest\hamcrest-core\1.3\hamcrest-core-1.3.jar
* Finished analyzing classpath
* Generating tests for class org.apache.commons.cli.help.TextHelpAppendable
* Test criteria:
  - Line Coverage
  - Branch Coverage
  - Exception
  - Mutation testing (weak)
  - Method-Output Coverage
  - Top-Level Method Coverage
  - No-Exception Top-Level Method Coverage
  - Context Branch Coverage
* Setting up search algorithm for whole suite generation
[MASTER] 11:45:07.986 [pool-2-thread-1] WARN  TestSuiteSerialization - Cannot load tests because file does not exist: C:\Users\Parmveer Randhawa\Documents\Courses\EECS4313-Software Test\Assignment\Assignment_2\commons-cli\.evosuite\evosuite-seeds\org.apache.commons.cli.help.TextHelpAppendable.seed
* Loaded 0 tests from C:\Users\Parmveer Randhawa\Documents\Courses\EECS4313-Software Test\Assignment\Assignment_2\commons-cli\.evosuite\evosuite-seeds\org.apache.commons.cli.help.TextHelpAppendable.seed
* Total number of test goals: 
  - Line 156
  - Branch 96
  - Exception 0
  - MutationFactory 724
  - Output 62
  - Method 22
  - MethodNoException 22
  - CBranchFitnessFactory 96
* Using seed 1774021505463
* Starting evolution
* Search finished after 109s and 137 generations, 88802 statements, best individual has fitness: 57.6980769198173
* Writing sequences to pool
* Minimizing test suite
[MASTER] 11:47:18.050 [pool-2-thread-1] WARN  TestSuiteMinimizer - Minimization timeout. Roll back to original test suite
* Going to analyze the coverage criteria
* Coverage analysis for criterion LINE
* Coverage of criterion LINE: 98%
* Total number of goals: 156
* Number of covered goals: 153
* Coverage analysis for criterion BRANCH
* Coverage of criterion BRANCH: 93%
* Total number of goals: 96
* Number of covered goals: 89
* Coverage analysis for criterion EXCEPTION
* Coverage of criterion EXCEPTION: 100%
* Total number of goals: 39
* Number of covered goals: 39
* Coverage analysis for criterion WEAKMUTATION
* Coverage of criterion WEAKMUTATION: 97%
* Total number of goals: 724
* Number of covered goals: 700
* Coverage analysis for criterion OUTPUT
* Coverage of criterion OUTPUT: 74%
* Total number of goals: 62
* Number of covered goals: 46
* Coverage analysis for criterion METHOD
* Coverage of criterion METHOD: 100%
* Total number of goals: 22
* Number of covered goals: 22
* Coverage analysis for criterion METHODNOEXCEPTION
* Coverage of criterion METHODNOEXCEPTION: 100%
* Total number of goals: 22
* Number of covered goals: 22
* Coverage analysis for criterion CBRANCH
* Coverage of criterion CBRANCH: 91%
* Total number of goals: 96
* Number of covered goals: 87
* Generated 93 tests with total length 1932
* Resulting test suite's coverage: 94% (average coverage for all fitness functions)
* Generating assertions
[MASTER] 11:47:32.035 [pool-2-thread-1] WARN  SimpleMutationAssertionGenerator - Assertion minimization is taking too long (0.8153529411764706% of time used, but only 5/93 tests minimized), falling back to using all assertions
[MASTER] 11:47:35.371 [pool-2-thread-1] WARN  SimpleMutationAssertionGenerator - Reached maximum time to generate assertions, aborting assertion generation
* Resulting test suite's mutation score: 14%
* Compiling and checking tests
* Permissions denied during test execution: 
  - java.lang.RuntimePermission: 
         writeFileDescriptor: 13
* Writing JUnit test case 'TextHelpAppendable_ESTest' to C:\Users\Parmveer Randhawa\Documents\Courses\EECS4313-Software Test\Assignment\Assignment_2\commons-cli\.evosuite\tmp_2026_03_20_11_33_46\tests
* Done!

