* Starting client
* Connecting to master process on port 17483
* Analyzing classpath: 
  - C:\Users\Parmveer Randhawa\Documents\Courses\EECS4313-Software Test\Assignment\Assignment_2\commons-cli\target\test-classes
  - C:\Users\Parmveer Randhawa\Documents\Courses\EECS4313-Software Test\Assignment\Assignment_2\commons-cli\target\classes
  - C:\Users\Parmveer Randhawa\.m2\repository\org\junit\jupiter\junit-jupiter-api\5.14.2\junit-jupiter-api-5.14.2.jar
  - C:\Users\Parmveer Randhawa\.m2\repository\org\opentest4j\opentest4j\1.3.0\opentest4j-1.3.0.jar
  - C:\Users\Parmveer Randhawa\.m2\repository\org\junit\platform\junit-platform-commons\1.14.2\junit-platform-commons-1.14.2.jar
  - C:\Users\Parmveer Randhawa\.m2\repository\org\apiguardian\apiguardian-api\1.1.2\apiguardian-api-1.1.2.jar
  - C:\Users\Parmveer Randhawa\.m2\repository\org\junit\jupiter\junit-jupiter-engine\5.14.2\junit-jupiter-engine-5.14.2.jar
  - C:\Users\Parmveer Randhawa\.m2\repository\org\junit\platform\junit-platform-engine\1.14.2\junit-platform-engine-1.14.2.jar
  - C:\Users\Parmveer Randhawa\.m2\repository\org\junit\jupiter\junit-jupiter-params\5.14.2\junit-jupiter-params-5.14.2.jar
  - C:\Users\Parmveer Randhawa\.m2\repository\org\junit-pioneer\junit-pioneer\1.9.1\junit-pioneer-1.9.1.jar
  - C:\Users\Parmveer Randhawa\.m2\repository\org\junit\platform\junit-platform-launcher\1.14.2\junit-platform-launcher-1.14.2.jar
  - C:\Users\Parmveer Randhawa\.m2\repository\commons-io\commons-io\2.21.0\commons-io-2.21.0.jar
  - C:\Users\Parmveer Randhawa\.m2\repository\org\apache\commons\commons-text\1.15.0\commons-text-1.15.0.jar
  - C:\Users\Parmveer Randhawa\.m2\repository\org\apache\commons\commons-lang3\3.20.0\commons-lang3-3.20.0.jar
  - C:\Users\Parmveer Randhawa\.m2\repository\org\mockito\mockito-core\4.11.0\mockito-core-4.11.0.jar
  - C:\Users\Parmveer Randhawa\.m2\repository\net\bytebuddy\byte-buddy\1.12.19\byte-buddy-1.12.19.jar
  - C:\Users\Parmveer Randhawa\.m2\repository\net\bytebuddy\byte-buddy-agent\1.12.19\byte-buddy-agent-1.12.19.jar
  - C:\Users\Parmveer Randhawa\.m2\repository\org\objenesis\objenesis\3.3\objenesis-3.3.jar
  - C:\Users\Parmveer Randhawa\.m2\repository\junit\junit\4.13.2\junit-4.13.2.jar
  - C:\Users\Parmveer Randhawa\.m2\repository\org\hamcrest\hamcrest-core\1.3\hamcrest-core-1.3.jar
* Finished analyzing classpath
* Generating tests for class org.apache.commons.cli.DefaultParser
* Test criteria:
  - Line Coverage
  - Branch Coverage
  - Exception
  - Mutation testing (weak)
  - Method-Output Coverage
  - Top-Level Method Coverage
  - No-Exception Top-Level Method Coverage
  - Context Branch Coverage
* Setting up search algorithm for whole suite generation
[MASTER] 20:29:57.721 [pool-2-thread-1] WARN  TestSuiteSerialization - Cannot load tests because file does not exist: C:\Users\Parmveer Randhawa\Documents\Courses\EECS4313-Software Test\Assignment\Assignment_2\commons-cli\.evosuite\evosuite-seeds\org.apache.commons.cli.DefaultParser.seed
* Loaded 0 tests from C:\Users\Parmveer Randhawa\Documents\Courses\EECS4313-Software Test\Assignment\Assignment_2\commons-cli\.evosuite\evosuite-seeds\org.apache.commons.cli.DefaultParser.seed
* Total number of test goals: 
  - Line 238
  - Branch 228
  - Exception 0
  - MutationFactory 569
  - Output 15
  - Method 17
  - MethodNoException 17
  - CBranchFitnessFactory 228
* Using seed 1773448195040
* Starting evolution
